<?xml version="1.0" encoding="UTF-8"?>
<testng-results ignored="0" total="1" passed="1" failed="0" skipped="0">
  <reporter-output>
  </reporter-output>
  <suite started-at="2023-09-19T00:43:01 UTC" name="Surefire suite" finished-at="2023-09-19T00:43:06 UTC" duration-ms="4782">
    <groups>
    </groups>
    <test started-at="2023-09-19T00:43:01 UTC" name="Surefire test" finished-at="2023-09-19T00:43:06 UTC" duration-ms="4782">
      <class name="runner.Testcase1">
        <test-method is-config="true" signature="beforeMethod()[pri:0, instance:runner.Testcase1@1e6a3214]" started-at="2023-09-19T00:43:01 UTC" name="beforeMethod" finished-at="2023-09-19T00:43:04 UTC" duration-ms="3374" status="PASS">
          <reporter-output>
          </reporter-output>
        </test-method> <!-- beforeMethod -->
        <test-method signature="TC_001()[pri:1, instance:runner.Testcase1@1e6a3214]" started-at="2023-09-19T00:43:04 UTC" name="TC_001" finished-at="2023-09-19T00:43:05 UTC" duration-ms="947" status="PASS">
          <reporter-output>
          </reporter-output>
        </test-method> <!-- TC_001 -->
        <test-method is-config="true" signature="afterMethod()[pri:0, instance:runner.Testcase1@1e6a3214]" started-at="2023-09-19T00:43:05 UTC" name="afterMethod" finished-at="2023-09-19T00:43:06 UTC" duration-ms="372" status="PASS">
          <reporter-output>
          </reporter-output>
        </test-method> <!-- afterMethod -->
      </class> <!-- runner.Testcase1 -->
    </test> <!-- Surefire test -->
  </suite> <!-- Surefire suite -->
</testng-results>
